Using pre-set license
Built from '2020.3/staging' branch; Version is '2020.3.5f1 (8095aa901b9b) revision 8426922'; Using compiler version '192528614'; Build Type 'Release'
OS: 'Windows 10 Education; OS build 19044.1288; Version 2009; 64bit' Language: 'en' Physical Memory: 32727 MB
BatchMode: 1, IsHumanControllingUs: 0, StartBugReporterOnCrash: 0, Is64bit: 1, IsPro: 0

 COMMAND LINE ARGUMENTS:
C:\Program Files\Unity\Hub\Editor\2020.3.5f1\Editor\Unity.exe
-adb2
-batchMode
-noUpm
-name
AssetImportWorker0
-projectPath
C:/Users/s229029/source/repos/TRPGproj/PathfindingProj
-logFile
Logs/AssetImportWorker0.log
-srvPort
54434
Successfully changed project path to: C:/Users/s229029/source/repos/TRPGproj/PathfindingProj
C:/Users/s229029/source/repos/TRPGproj/PathfindingProj
Using Asset Import Pipeline V2.
Refreshing native plugins compatible for Editor in 43.23 ms, found 1 plugins.
Preloading 0 native plugins for Editor in 0.00 ms.
Initialize engine version: 2020.3.5f1 (8095aa901b9b)
[Subsystems] Discovering subsystems at path C:/Program Files/Unity/Hub/Editor/2020.3.5f1/Editor/Data/Resources/UnitySubsystems
[Subsystems] Discovering subsystems at path C:/Users/s229029/source/repos/TRPGproj/PathfindingProj/Assets
GfxDevice: creating device client; threaded=0
Direct3D:
    Version:  Direct3D 11.0 [level 11.1]
    Renderer: NVIDIA GeForce GTX 1080 (ID=0x1b80)
    Vendor:   
    VRAM:     8079 MB
    Driver:   30.0.14.9676
Initialize mono
Mono path[0] = 'C:/Program Files/Unity/Hub/Editor/2020.3.5f1/Editor/Data/Managed'
Mono path[1] = 'C:/Program Files/Unity/Hub/Editor/2020.3.5f1/Editor/Data/MonoBleedingEdge/lib/mono/unityjit'
Mono config path = 'C:/Program Files/Unity/Hub/Editor/2020.3.5f1/Editor/Data/MonoBleedingEdge/etc'
Using monoOptions --debugger-agent=transport=dt_socket,embedding=1,server=y,suspend=n,address=127.0.0.1:56684
Begin MonoManager ReloadAssembly
Registering precompiled unity dll's ...
Register platform support module: C:/Program Files/Unity/Hub/Editor/2020.3.5f1/Editor/Data/PlaybackEngines/WebGLSupport/UnityEditor.WebGL.Extensions.dll
Register platform support module: C:/Program Files/Unity/Hub/Editor/2020.3.5f1/Editor/Data/PlaybackEngines/WindowsStandaloneSupport/UnityEditor.WindowsStandalone.Extensions.dll
Registered in 0.002259 seconds.
Native extension for WindowsStandalone target not found
Native extension for WebGL target not found
Refreshing native plugins compatible for Editor in 34.61 ms, found 1 plugins.
Preloading 0 native plugins for Editor in 0.00 ms.
Mono: successfully reloaded assembly
- Completed reload, in  2.224 seconds
Platform modules already initialized, skipping
Registering precompiled user dll's ...
Registered in 0.000998 seconds.
Begin MonoManager ReloadAssembly
Native extension for WindowsStandalone target not found
Native extension for WebGL target not found
Refreshing native plugins compatible for Editor in 35.54 ms, found 1 plugins.
Preloading 0 native plugins for Editor in 0.00 ms.
Mono: successfully reloaded assembly
- Completed reload, in  0.900 seconds
Platform modules already initialized, skipping
========================================================================
Worker process is ready to serve import requests
Launched and connected shader compiler UnityShaderCompiler.exe after 0.04 seconds
Refreshing native plugins compatible for Editor in 0.35 ms, found 1 plugins.
Preloading 0 native plugins for Editor in 0.00 ms.
Unloading 1819 Unused Serialized files (Serialized files now loaded: 0)
System memory in use before: 85.3 MB.
System memory in use after: 85.2 MB.

Unloading 24 unused Assets to reduce memory usage. Loaded Objects now: 2263.
Total: 2.331500 ms (FindLiveObjects: 0.309500 ms CreateObjectMapping: 0.234200 ms MarkObjects: 1.639100 ms  DeleteObjects: 0.147600 ms)

========================================================================
Received Import Request.
  path: Assets/Sounds/Title Theme/xDeviruchi - Title Theme (Loop).wav
  artifactKey: Guid(95672bf5292e83c489b2b9b126ce764c) Importer(815301076,1909f56bfc062723c751e8b465ee728b)
Start importing Assets/Sounds/Title Theme/xDeviruchi - Title Theme (Loop).wav using Guid(95672bf5292e83c489b2b9b126ce764c) Importer(815301076,1909f56bfc062723c751e8b465ee728b)  -> (artifact id: '26aa9b474e97da73693ebe6c73fd0243') in 0.095933 seconds
  Import took 0.098720 seconds .

========================================================================
Received Import Request.
  Time since last request: 0.000349 seconds.
  path: Assets/Sounds/Title Theme
  artifactKey: Guid(316653f2cea1fa4439c7520fc24bb86f) Importer(815301076,1909f56bfc062723c751e8b465ee728b)
Start importing Assets/Sounds/Title Theme using Guid(316653f2cea1fa4439c7520fc24bb86f) Importer(815301076,1909f56bfc062723c751e8b465ee728b)  -> (artifact id: '01be01b3ddbd9629ffeabbb8804e0347') in 0.007763 seconds
  Import took 0.011502 seconds .

========================================================================
Received Import Request.
  Time since last request: 0.000213 seconds.
  path: Assets/Sounds/Title Theme/xDeviruchi - Title Theme (End).wav
  artifactKey: Guid(434932a1d68a47643a8f5a933bbad9ea) Importer(815301076,1909f56bfc062723c751e8b465ee728b)
Start importing Assets/Sounds/Title Theme/xDeviruchi - Title Theme (End).wav using Guid(434932a1d68a47643a8f5a933bbad9ea) Importer(815301076,1909f56bfc062723c751e8b465ee728b)  -> (artifact id: '59074ed2b2ba0e68e4e09671d5fb7de5') in 0.013619 seconds
  Import took 0.017755 seconds .

========================================================================
Received Import Request.
  Time since last request: 84.076312 seconds.
  path: Assets/Scripts/MenuScripts
  artifactKey: Guid(5c41f323666bb704d8829871069a26be) Importer(815301076,1909f56bfc062723c751e8b465ee728b)
Start importing Assets/Scripts/MenuScripts using Guid(5c41f323666bb704d8829871069a26be) Importer(815301076,1909f56bfc062723c751e8b465ee728b)  -> (artifact id: '296085ff31a7cd406e5650399b99346f') in 0.009059 seconds
  Import took 0.011926 seconds .

========================================================================
Received Import Request.
  Time since last request: 80.359973 seconds.
  path: Assets/Scripts/MenuScripts/MainMenu.cs
  artifactKey: Guid(2ba8c94df9791324c834e70a1fe925d4) Importer(815301076,1909f56bfc062723c751e8b465ee728b)
Start importing Assets/Scripts/MenuScripts/MainMenu.cs using Guid(2ba8c94df9791324c834e70a1fe925d4) Importer(815301076,1909f56bfc062723c751e8b465ee728b)  -> (artifact id: '962a5f95fde7716e6e571da8eabb72ed') in 0.014349 seconds
  Import took 0.018477 seconds .

========================================================================
Received Prepare
Registering precompiled user dll's ...
Registered in 0.001259 seconds.
Begin MonoManager ReloadAssembly
Native extension for WindowsStandalone target not found
Native extension for WebGL target not found
Refreshing native plugins compatible for Editor in 0.32 ms, found 1 plugins.
Preloading 0 native plugins for Editor in 0.00 ms.
Mono: successfully reloaded assembly
- Completed reload, in  1.082 seconds
Platform modules already initialized, skipping
Refreshing native plugins compatible for Editor in 0.33 ms, found 1 plugins.
Preloading 0 native plugins for Editor in 0.00 ms.
Unloading 1815 Unused Serialized files (Serialized files now loaded: 0)
System memory in use before: 88.4 MB.
System memory in use after: 88.3 MB.

Unloading 12 unused Assets to reduce memory usage. Loaded Objects now: 2277.
Total: 2.624600 ms (FindLiveObjects: 0.227800 ms CreateObjectMapping: 0.080400 ms MarkObjects: 2.178400 ms  DeleteObjects: 0.137000 ms)

========================================================================
Received Prepare
Registering precompiled user dll's ...
Registered in 0.001156 seconds.
Begin MonoManager ReloadAssembly
Native extension for WindowsStandalone target not found
Native extension for WebGL target not found
Refreshing native plugins compatible for Editor in 0.32 ms, found 1 plugins.
Preloading 0 native plugins for Editor in 0.00 ms.
Mono: successfully reloaded assembly
- Completed reload, in  0.949 seconds
Platform modules already initialized, skipping
Refreshing native plugins compatible for Editor in 0.32 ms, found 1 plugins.
Preloading 0 native plugins for Editor in 0.00 ms.
Unloading 1815 Unused Serialized files (Serialized files now loaded: 0)
System memory in use before: 88.4 MB.
System memory in use after: 88.4 MB.

Unloading 12 unused Assets to reduce memory usage. Loaded Objects now: 2281.
Total: 2.230400 ms (FindLiveObjects: 0.292400 ms CreateObjectMapping: 0.089700 ms MarkObjects: 1.737800 ms  DeleteObjects: 0.109300 ms)

========================================================================
Received Prepare
Registering precompiled user dll's ...
Registered in 0.001402 seconds.
Begin MonoManager ReloadAssembly
Native extension for WindowsStandalone target not found
Native extension for WebGL target not found
Refreshing native plugins compatible for Editor in 0.41 ms, found 1 plugins.
Preloading 0 native plugins for Editor in 0.00 ms.
Mono: successfully reloaded assembly
- Completed reload, in  1.087 seconds
Platform modules already initialized, skipping
Refreshing native plugins compatible for Editor in 0.46 ms, found 1 plugins.
Preloading 0 native plugins for Editor in 0.00 ms.
Unloading 1815 Unused Serialized files (Serialized files now loaded: 0)
System memory in use before: 88.4 MB.
System memory in use after: 88.4 MB.

Unloading 12 unused Assets to reduce memory usage. Loaded Objects now: 2285.
Total: 2.460400 ms (FindLiveObjects: 0.322700 ms CreateObjectMapping: 0.133900 ms MarkObjects: 1.904100 ms  DeleteObjects: 0.098600 ms)

========================================================================
Received Prepare
Registering precompiled user dll's ...
Registered in 0.001011 seconds.
Begin MonoManager ReloadAssembly
Native extension for WindowsStandalone target not found
Native extension for WebGL target not found
Refreshing native plugins compatible for Editor in 0.33 ms, found 1 plugins.
Preloading 0 native plugins for Editor in 0.00 ms.
Mono: successfully reloaded assembly
- Completed reload, in  0.843 seconds
Platform modules already initialized, skipping
Refreshing native plugins compatible for Editor in 0.32 ms, found 1 plugins.
Preloading 0 native plugins for Editor in 0.00 ms.
Unloading 1815 Unused Serialized files (Serialized files now loaded: 0)
System memory in use before: 88.4 MB.
System memory in use after: 88.4 MB.

Unloading 12 unused Assets to reduce memory usage. Loaded Objects now: 2289.
Total: 2.016900 ms (FindLiveObjects: 0.221900 ms CreateObjectMapping: 0.060400 ms MarkObjects: 1.598300 ms  DeleteObjects: 0.135300 ms)

========================================================================
Received Prepare
Registering precompiled user dll's ...
Registered in 0.001114 seconds.
Begin MonoManager ReloadAssembly
Native extension for WindowsStandalone target not found
Native extension for WebGL target not found
Refreshing native plugins compatible for Editor in 0.59 ms, found 1 plugins.
Preloading 0 native plugins for Editor in 0.00 ms.
Mono: successfully reloaded assembly
- Completed reload, in  0.898 seconds
Platform modules already initialized, skipping
Refreshing native plugins compatible for Editor in 0.35 ms, found 1 plugins.
Preloading 0 native plugins for Editor in 0.00 ms.
Unloading 1815 Unused Serialized files (Serialized files now loaded: 0)
System memory in use before: 88.5 MB.
System memory in use after: 88.4 MB.

Unloading 12 unused Assets to reduce memory usage. Loaded Objects now: 2293.
Total: 2.333400 ms (FindLiveObjects: 0.349600 ms CreateObjectMapping: 0.113600 ms MarkObjects: 1.757300 ms  DeleteObjects: 0.111600 ms)

========================================================================
Received Prepare
Registering precompiled user dll's ...
Registered in 0.001071 seconds.
Begin MonoManager ReloadAssembly
Native extension for WindowsStandalone target not found
Native extension for WebGL target not found
Refreshing native plugins compatible for Editor in 0.32 ms, found 1 plugins.
Preloading 0 native plugins for Editor in 0.00 ms.
Mono: successfully reloaded assembly
- Completed reload, in  0.911 seconds
Platform modules already initialized, skipping
Refreshing native plugins compatible for Editor in 0.51 ms, found 1 plugins.
Preloading 0 native plugins for Editor in 0.00 ms.
Unloading 1815 Unused Serialized files (Serialized files now loaded: 0)
System memory in use before: 88.5 MB.
System memory in use after: 88.4 MB.

Unloading 12 unused Assets to reduce memory usage. Loaded Objects now: 2297.
Total: 2.027600 ms (FindLiveObjects: 0.203600 ms CreateObjectMapping: 0.063000 ms MarkObjects: 1.627700 ms  DeleteObjects: 0.132300 ms)

========================================================================
Received Prepare
Registering precompiled user dll's ...
Registered in 0.000950 seconds.
Begin MonoManager ReloadAssembly
Native extension for WindowsStandalone target not found
Native extension for WebGL target not found
Refreshing native plugins compatible for Editor in 0.32 ms, found 1 plugins.
Preloading 0 native plugins for Editor in 0.00 ms.
Mono: successfully reloaded assembly
- Completed reload, in  0.846 seconds
Platform modules already initialized, skipping
Refreshing native plugins compatible for Editor in 0.32 ms, found 1 plugins.
Preloading 0 native plugins for Editor in 0.00 ms.
Unloading 1815 Unused Serialized files (Serialized files now loaded: 0)
System memory in use before: 88.5 MB.
System memory in use after: 88.4 MB.

Unloading 12 unused Assets to reduce memory usage. Loaded Objects now: 2301.
Total: 1.944300 ms (FindLiveObjects: 0.160200 ms CreateObjectMapping: 0.057300 ms MarkObjects: 1.590900 ms  DeleteObjects: 0.135100 ms)

========================================================================
Received Prepare
Refreshing native plugins compatible for Editor in 2.51 ms, found 1 plugins.
Preloading 0 native plugins for Editor in 0.00 ms.
Unloading 10 Unused Serialized files (Serialized files now loaded: 0)
System memory in use before: 52.8 MB.
System memory in use after: 52.8 MB.

Unloading 10 unused Assets to reduce memory usage. Loaded Objects now: 2301.
Total: 2.885300 ms (FindLiveObjects: 0.351000 ms CreateObjectMapping: 0.153000 ms MarkObjects: 2.241000 ms  DeleteObjects: 0.138500 ms)

========================================================================
Received Import Request.
  Time since last request: 1825.967077 seconds.
  path: Assets/Scenes/PartySelection.unity
  artifactKey: Guid(49844ea5ed7512143a8f565056ae77e5) Importer(815301076,1909f56bfc062723c751e8b465ee728b)
Start importing Assets/Scenes/PartySelection.unity using Guid(49844ea5ed7512143a8f565056ae77e5) Importer(815301076,1909f56bfc062723c751e8b465ee728b)  -> (artifact id: '96e08ff8de0369d5c65c5bb831ad9f6d') in 0.015888 seconds
  Import took 0.020081 seconds .

========================================================================
Received Import Request.
  Time since last request: 32.710695 seconds.
  path: Assets/Scenes/Menu.unity
  artifactKey: Guid(4fa08b07762b74a4ea1666339ab6d152) Importer(815301076,1909f56bfc062723c751e8b465ee728b)
Start importing Assets/Scenes/Menu.unity using Guid(4fa08b07762b74a4ea1666339ab6d152) Importer(815301076,1909f56bfc062723c751e8b465ee728b)  -> (artifact id: '283d6c98cc32eb3c94b644fd4004c7aa') in 0.008359 seconds
  Import took 0.011567 seconds .

========================================================================
Received Prepare
Registering precompiled user dll's ...
Registered in 0.000986 seconds.
Begin MonoManager ReloadAssembly
Native extension for WindowsStandalone target not found
Native extension for WebGL target not found
Refreshing native plugins compatible for Editor in 0.52 ms, found 1 plugins.
Preloading 0 native plugins for Editor in 0.00 ms.
Mono: successfully reloaded assembly
- Completed reload, in  0.867 seconds
Platform modules already initialized, skipping
Refreshing native plugins compatible for Editor in 0.57 ms, found 1 plugins.
Preloading 0 native plugins for Editor in 0.00 ms.
Unloading 1815 Unused Serialized files (Serialized files now loaded: 0)
System memory in use before: 88.5 MB.
System memory in use after: 88.5 MB.

Unloading 12 unused Assets to reduce memory usage. Loaded Objects now: 2305.
Total: 2.308500 ms (FindLiveObjects: 0.196300 ms CreateObjectMapping: 0.069700 ms MarkObjects: 1.909300 ms  DeleteObjects: 0.131600 ms)

========================================================================
Received Prepare
Registering precompiled user dll's ...
Registered in 0.001488 seconds.
Begin MonoManager ReloadAssembly
Native extension for WindowsStandalone target not found
Native extension for WebGL target not found
Refreshing native plugins compatible for Editor in 0.37 ms, found 1 plugins.
Preloading 0 native plugins for Editor in 0.00 ms.
Mono: successfully reloaded assembly
- Completed reload, in  0.887 seconds
Platform modules already initialized, skipping
Refreshing native plugins compatible for Editor in 0.46 ms, found 1 plugins.
Preloading 0 native plugins for Editor in 0.00 ms.
Unloading 1815 Unused Serialized files (Serialized files now loaded: 0)
System memory in use before: 88.5 MB.
System memory in use after: 88.5 MB.

Unloading 12 unused Assets to reduce memory usage. Loaded Objects now: 2309.
Total: 2.182900 ms (FindLiveObjects: 0.208500 ms CreateObjectMapping: 0.070700 ms MarkObjects: 1.748700 ms  DeleteObjects: 0.153700 ms)

========================================================================
Received Prepare
Registering precompiled user dll's ...
Registered in 0.000943 seconds.
Begin MonoManager ReloadAssembly
Native extension for WindowsStandalone target not found
Native extension for WebGL target not found
Refreshing native plugins compatible for Editor in 0.35 ms, found 1 plugins.
Preloading 0 native plugins for Editor in 0.00 ms.
Mono: successfully reloaded assembly
- Completed reload, in  0.853 seconds
Platform modules already initialized, skipping
Refreshing native plugins compatible for Editor in 0.35 ms, found 1 plugins.
Preloading 0 native plugins for Editor in 0.00 ms.
Unloading 1815 Unused Serialized files (Serialized files now loaded: 0)
System memory in use before: 88.5 MB.
System memory in use after: 88.5 MB.

Unloading 12 unused Assets to reduce memory usage. Loaded Objects now: 2313.
Total: 2.218000 ms (FindLiveObjects: 0.183900 ms CreateObjectMapping: 0.065900 ms MarkObjects: 1.827700 ms  DeleteObjects: 0.139400 ms)

========================================================================
Received Import Request.
  Time since last request: 91.483333 seconds.
  path: Assets/Scenes/Menu.unity
  artifactKey: Guid(4fa08b07762b74a4ea1666339ab6d152) Importer(815301076,1909f56bfc062723c751e8b465ee728b)
Start importing Assets/Scenes/Menu.unity using Guid(4fa08b07762b74a4ea1666339ab6d152) Importer(815301076,1909f56bfc062723c751e8b465ee728b)  -> (artifact id: '1ac134e9b29f548b865b3a5853e2a2c9') in 0.010282 seconds
  Import took 0.013388 seconds .

========================================================================
Received Import Request.
  Time since last request: 7.071096 seconds.
  path: Assets/Scenes/PartySelection.unity
  artifactKey: Guid(49844ea5ed7512143a8f565056ae77e5) Importer(815301076,1909f56bfc062723c751e8b465ee728b)
Start importing Assets/Scenes/PartySelection.unity using Guid(49844ea5ed7512143a8f565056ae77e5) Importer(815301076,1909f56bfc062723c751e8b465ee728b)  -> (artifact id: '66b0231f33e9efa61be729a5b4afc687') in 0.003126 seconds
  Import took 0.006409 seconds .

========================================================================
Received Import Request.
  Time since last request: 5.164759 seconds.
  path: Assets/Scenes/Menu.unity
  artifactKey: Guid(4fa08b07762b74a4ea1666339ab6d152) Importer(815301076,1909f56bfc062723c751e8b465ee728b)
Start importing Assets/Scenes/Menu.unity using Guid(4fa08b07762b74a4ea1666339ab6d152) Importer(815301076,1909f56bfc062723c751e8b465ee728b)  -> (artifact id: '62dcc2e449ea81da46c855ee481f63fb') in 0.002620 seconds
  Import took 0.005879 seconds .

========================================================================
Received Prepare
Registering precompiled user dll's ...
Registered in 0.001714 seconds.
Begin MonoManager ReloadAssembly
Native extension for WindowsStandalone target not found
Native extension for WebGL target not found
Refreshing native plugins compatible for Editor in 0.32 ms, found 1 plugins.
Preloading 0 native plugins for Editor in 0.00 ms.
Mono: successfully reloaded assembly
- Completed reload, in  0.901 seconds
Platform modules already initialized, skipping
Refreshing native plugins compatible for Editor in 0.36 ms, found 1 plugins.
Preloading 0 native plugins for Editor in 0.00 ms.
Unloading 1815 Unused Serialized files (Serialized files now loaded: 0)
System memory in use before: 88.5 MB.
System memory in use after: 88.5 MB.

Unloading 12 unused Assets to reduce memory usage. Loaded Objects now: 2317.
Total: 2.225800 ms (FindLiveObjects: 0.336500 ms CreateObjectMapping: 0.060900 ms MarkObjects: 1.697300 ms  DeleteObjects: 0.130400 ms)

========================================================================
Received Import Request.
  Time since last request: 31.255808 seconds.
  path: Assets/Prefabs/UnitPrefab/AlliedWarrior.prefab
  artifactKey: Guid(a72a21b60873397458a73a8e274d1075) Importer(815301076,1909f56bfc062723c751e8b465ee728b)
Start importing Assets/Prefabs/UnitPrefab/AlliedWarrior.prefab using Guid(a72a21b60873397458a73a8e274d1075) Importer(815301076,1909f56bfc062723c751e8b465ee728b)  -> (artifact id: '26e41ef40a34e0742dff80523f05f9c9') in 0.060158 seconds
  Import took 0.063253 seconds .

========================================================================
Received Import Request.
  Time since last request: 8.145570 seconds.
  path: Assets/Scenes/BattleScreen.unity
  artifactKey: Guid(2cda990e2423bbf4892e6590ba056729) Importer(815301076,1909f56bfc062723c751e8b465ee728b)
Start importing Assets/Scenes/BattleScreen.unity using Guid(2cda990e2423bbf4892e6590ba056729) Importer(815301076,1909f56bfc062723c751e8b465ee728b)  -> (artifact id: 'd7a9cc652a701201ca9197e6b77d3f42') in 0.008337 seconds
  Import took 0.011172 seconds .

========================================================================
Received Prepare
Registering precompiled user dll's ...
Registered in 0.000878 seconds.
Begin MonoManager ReloadAssembly
Native extension for WindowsStandalone target not found
Native extension for WebGL target not found
Refreshing native plugins compatible for Editor in 0.34 ms, found 1 plugins.
Preloading 0 native plugins for Editor in 0.00 ms.
Mono: successfully reloaded assembly
- Completed reload, in  0.948 seconds
Platform modules already initialized, skipping
Refreshing native plugins compatible for Editor in 0.32 ms, found 1 plugins.
Preloading 0 native plugins for Editor in 0.00 ms.
Unloading 1815 Unused Serialized files (Serialized files now loaded: 0)
System memory in use before: 88.6 MB.
System memory in use after: 88.6 MB.

Unloading 12 unused Assets to reduce memory usage. Loaded Objects now: 2322.
Total: 3.099300 ms (FindLiveObjects: 0.387700 ms CreateObjectMapping: 0.083600 ms MarkObjects: 2.424600 ms  DeleteObjects: 0.202200 ms)

========================================================================
Received Prepare
Registering precompiled user dll's ...
Registered in 0.001192 seconds.
Begin MonoManager ReloadAssembly
Native extension for WindowsStandalone target not found
Native extension for WebGL target not found
Refreshing native plugins compatible for Editor in 0.51 ms, found 1 plugins.
Preloading 0 native plugins for Editor in 0.00 ms.
Mono: successfully reloaded assembly
- Completed reload, in  0.940 seconds
Platform modules already initialized, skipping
Refreshing native plugins compatible for Editor in 0.49 ms, found 1 plugins.
Preloading 0 native plugins for Editor in 0.00 ms.
Unloading 1815 Unused Serialized files (Serialized files now loaded: 0)
System memory in use before: 88.6 MB.
System memory in use after: 88.6 MB.

Unloading 12 unused Assets to reduce memory usage. Loaded Objects now: 2326.
Total: 2.393700 ms (FindLiveObjects: 0.242800 ms CreateObjectMapping: 0.052200 ms MarkObjects: 1.959400 ms  DeleteObjects: 0.137700 ms)

AssetImportWorkerClient::OnTransportError - code=2 error=End of file
